{"C:\\Users\\GusTha\\Desktop\\Estudos\\StartDB2024\\src\\recintos-zoo.js": {"path":"C:\\Users\\GusTha\\Desktop\\Estudos\\StartDB2024\\src\\recintos-zoo.js","all":false,"statementMap":{"0":{"start":{"line":1,"column":0},"end":{"line":1,"column":19}},"1":{"start":{"line":2,"column":0},"end":{"line":2,"column":19}},"2":{"start":{"line":3,"column":0},"end":{"line":3,"column":25}},"3":{"start":{"line":4,"column":0},"end":{"line":4,"column":117}},"4":{"start":{"line":5,"column":0},"end":{"line":5,"column":70}},"5":{"start":{"line":6,"column":0},"end":{"line":6,"column":122}},"6":{"start":{"line":7,"column":0},"end":{"line":7,"column":65}},"7":{"start":{"line":8,"column":0},"end":{"line":8,"column":113}},"8":{"start":{"line":9,"column":0},"end":{"line":9,"column":10}},"9":{"start":{"line":10,"column":0},"end":{"line":10,"column":0}},"10":{"start":{"line":11,"column":0},"end":{"line":11,"column":24}},"11":{"start":{"line":12,"column":0},"end":{"line":12,"column":67}},"12":{"start":{"line":13,"column":0},"end":{"line":13,"column":71}},"13":{"start":{"line":14,"column":0},"end":{"line":14,"column":69}},"14":{"start":{"line":15,"column":0},"end":{"line":15,"column":84}},"15":{"start":{"line":16,"column":0},"end":{"line":16,"column":70}},"16":{"start":{"line":17,"column":0},"end":{"line":17,"column":82}},"17":{"start":{"line":18,"column":0},"end":{"line":18,"column":10}},"18":{"start":{"line":19,"column":0},"end":{"line":19,"column":5}},"19":{"start":{"line":20,"column":0},"end":{"line":20,"column":0}},"20":{"start":{"line":21,"column":0},"end":{"line":21,"column":41}},"21":{"start":{"line":22,"column":0},"end":{"line":22,"column":45}},"22":{"start":{"line":23,"column":0},"end":{"line":23,"column":57}},"23":{"start":{"line":24,"column":0},"end":{"line":24,"column":102}},"24":{"start":{"line":25,"column":0},"end":{"line":25,"column":0}},"25":{"start":{"line":26,"column":0},"end":{"line":26,"column":62}},"26":{"start":{"line":27,"column":0},"end":{"line":27,"column":0}},"27":{"start":{"line":28,"column":0},"end":{"line":28,"column":0}},"28":{"start":{"line":29,"column":0},"end":{"line":29,"column":87}},"29":{"start":{"line":30,"column":0},"end":{"line":30,"column":114}},"30":{"start":{"line":31,"column":0},"end":{"line":31,"column":121}},"31":{"start":{"line":32,"column":0},"end":{"line":32,"column":0}},"32":{"start":{"line":33,"column":0},"end":{"line":33,"column":0}},"33":{"start":{"line":34,"column":0},"end":{"line":34,"column":120}},"34":{"start":{"line":35,"column":0},"end":{"line":35,"column":0}},"35":{"start":{"line":36,"column":0},"end":{"line":36,"column":0}},"36":{"start":{"line":37,"column":0},"end":{"line":37,"column":61}},"37":{"start":{"line":38,"column":0},"end":{"line":38,"column":0}},"38":{"start":{"line":39,"column":0},"end":{"line":39,"column":0}},"39":{"start":{"line":40,"column":0},"end":{"line":40,"column":94}},"40":{"start":{"line":41,"column":0},"end":{"line":41,"column":63}},"41":{"start":{"line":42,"column":0},"end":{"line":42,"column":0}},"42":{"start":{"line":43,"column":0},"end":{"line":43,"column":0}},"43":{"start":{"line":44,"column":0},"end":{"line":44,"column":84}},"44":{"start":{"line":45,"column":0},"end":{"line":45,"column":50}},"45":{"start":{"line":46,"column":0},"end":{"line":46,"column":114}},"46":{"start":{"line":47,"column":0},"end":{"line":47,"column":94}},"47":{"start":{"line":48,"column":0},"end":{"line":48,"column":89}},"48":{"start":{"line":49,"column":0},"end":{"line":49,"column":88}},"49":{"start":{"line":50,"column":0},"end":{"line":50,"column":11}},"50":{"start":{"line":51,"column":0},"end":{"line":51,"column":0}},"51":{"start":{"line":52,"column":0},"end":{"line":52,"column":0}},"52":{"start":{"line":53,"column":0},"end":{"line":53,"column":96}},"53":{"start":{"line":54,"column":0},"end":{"line":54,"column":5}},"54":{"start":{"line":55,"column":0},"end":{"line":55,"column":0}},"55":{"start":{"line":56,"column":0},"end":{"line":56,"column":0}},"56":{"start":{"line":57,"column":0},"end":{"line":57,"column":0}},"57":{"start":{"line":58,"column":0},"end":{"line":58,"column":0}},"58":{"start":{"line":59,"column":0},"end":{"line":59,"column":1}},"59":{"start":{"line":60,"column":0},"end":{"line":60,"column":0}},"60":{"start":{"line":61,"column":0},"end":{"line":61,"column":38}}},"s":{"0":1,"1":1,"2":5,"3":5,"4":5,"5":5,"6":5,"7":5,"8":5,"9":5,"10":5,"11":5,"12":5,"13":5,"14":5,"15":5,"16":5,"17":5,"18":5,"19":1,"20":1,"21":5,"22":5,"23":5,"24":3,"25":3,"26":3,"27":3,"28":3,"29":15,"30":15,"31":15,"32":15,"33":15,"34":15,"35":15,"36":15,"37":15,"38":15,"39":15,"40":15,"41":15,"42":15,"43":15,"44":3,"45":2,"46":2,"47":2,"48":2,"49":3,"50":3,"51":3,"52":5,"53":5,"54":1,"55":1,"56":1,"57":1,"58":1,"59":1,"60":1},"branchMap":{"0":{"type":"branch","line":2,"loc":{"start":{"line":2,"column":4},"end":{"line":19,"column":5}},"locations":[{"start":{"line":2,"column":4},"end":{"line":19,"column":5}}]},"1":{"type":"branch","line":21,"loc":{"start":{"line":21,"column":4},"end":{"line":54,"column":5}},"locations":[{"start":{"line":21,"column":4},"end":{"line":54,"column":5}}]},"2":{"type":"branch","line":23,"loc":{"start":{"line":23,"column":22},"end":{"line":23,"column":57}},"locations":[{"start":{"line":23,"column":22},"end":{"line":23,"column":57}}]},"3":{"type":"branch","line":23,"loc":{"start":{"line":23,"column":56},"end":{"line":24,"column":31}},"locations":[{"start":{"line":23,"column":56},"end":{"line":24,"column":31}}]},"4":{"type":"branch","line":24,"loc":{"start":{"line":24,"column":27},"end":{"line":24,"column":61}},"locations":[{"start":{"line":24,"column":27},"end":{"line":24,"column":61}}]},"5":{"type":"branch","line":24,"loc":{"start":{"line":24,"column":63},"end":{"line":24,"column":102}},"locations":[{"start":{"line":24,"column":63},"end":{"line":24,"column":102}}]},"6":{"type":"branch","line":24,"loc":{"start":{"line":24,"column":101},"end":{"line":53,"column":40}},"locations":[{"start":{"line":24,"column":101},"end":{"line":53,"column":40}}]},"7":{"type":"branch","line":53,"loc":{"start":{"line":53,"column":37},"end":{"line":53,"column":59}},"locations":[{"start":{"line":53,"column":37},"end":{"line":53,"column":59}}]},"8":{"type":"branch","line":53,"loc":{"start":{"line":53,"column":59},"end":{"line":53,"column":95}},"locations":[{"start":{"line":53,"column":59},"end":{"line":53,"column":95}}]},"9":{"type":"branch","line":29,"loc":{"start":{"line":29,"column":53},"end":{"line":45,"column":9}},"locations":[{"start":{"line":29,"column":53},"end":{"line":45,"column":9}}]},"10":{"type":"branch","line":31,"loc":{"start":{"line":31,"column":62},"end":{"line":31,"column":94}},"locations":[{"start":{"line":31,"column":62},"end":{"line":31,"column":94}}]},"11":{"type":"branch","line":31,"loc":{"start":{"line":31,"column":94},"end":{"line":31,"column":120}},"locations":[{"start":{"line":31,"column":94},"end":{"line":31,"column":120}}]},"12":{"type":"branch","line":34,"loc":{"start":{"line":34,"column":51},"end":{"line":34,"column":119}},"locations":[{"start":{"line":34,"column":51},"end":{"line":34,"column":119}}]},"13":{"type":"branch","line":40,"loc":{"start":{"line":40,"column":51},"end":{"line":40,"column":84}},"locations":[{"start":{"line":40,"column":51},"end":{"line":40,"column":84}}]},"14":{"type":"branch","line":40,"loc":{"start":{"line":40,"column":84},"end":{"line":40,"column":89}},"locations":[{"start":{"line":40,"column":84},"end":{"line":40,"column":89}}]},"15":{"type":"branch","line":40,"loc":{"start":{"line":40,"column":89},"end":{"line":40,"column":93}},"locations":[{"start":{"line":40,"column":89},"end":{"line":40,"column":93}}]},"16":{"type":"branch","line":44,"loc":{"start":{"line":44,"column":32},"end":{"line":44,"column":48}},"locations":[{"start":{"line":44,"column":32},"end":{"line":44,"column":48}}]},"17":{"type":"branch","line":44,"loc":{"start":{"line":44,"column":48},"end":{"line":44,"column":83}},"locations":[{"start":{"line":44,"column":48},"end":{"line":44,"column":83}}]},"18":{"type":"branch","line":30,"loc":{"start":{"line":30,"column":49},"end":{"line":30,"column":109}},"locations":[{"start":{"line":30,"column":49},"end":{"line":30,"column":109}}]},"19":{"type":"branch","line":34,"loc":{"start":{"line":34,"column":69},"end":{"line":34,"column":118}},"locations":[{"start":{"line":34,"column":69},"end":{"line":34,"column":118}}]},"20":{"type":"branch","line":45,"loc":{"start":{"line":45,"column":15},"end":{"line":50,"column":9}},"locations":[{"start":{"line":45,"column":15},"end":{"line":50,"column":9}}]},"21":{"type":"branch","line":47,"loc":{"start":{"line":47,"column":51},"end":{"line":47,"column":84}},"locations":[{"start":{"line":47,"column":51},"end":{"line":47,"column":84}}]},"22":{"type":"branch","line":47,"loc":{"start":{"line":47,"column":84},"end":{"line":47,"column":89}},"locations":[{"start":{"line":47,"column":84},"end":{"line":47,"column":89}}]},"23":{"type":"branch","line":46,"loc":{"start":{"line":46,"column":49},"end":{"line":46,"column":109}},"locations":[{"start":{"line":46,"column":49},"end":{"line":46,"column":109}}]}},"b":{"0":[5],"1":[5],"2":[1],"3":[4],"4":[3],"5":[1],"6":[3],"7":[1],"8":[2],"9":[15],"10":[10],"11":[5],"12":[10],"13":[9],"14":[7],"15":[8],"16":[7],"17":[4],"18":[9],"19":[6],"20":[2],"21":[1],"22":[0],"23":[1]},"fnMap":{"0":{"name":"RecintosZoo","decl":{"start":{"line":2,"column":4},"end":{"line":19,"column":5}},"loc":{"start":{"line":2,"column":4},"end":{"line":19,"column":5}},"line":2},"1":{"name":"analisaRecintos","decl":{"start":{"line":21,"column":4},"end":{"line":54,"column":5}},"loc":{"start":{"line":21,"column":4},"end":{"line":54,"column":5}},"line":21}},"f":{"0":5,"1":5}}
}
