TN:
SF:src\recintos-zoo.js
FN:2,RecintosZoo
FN:21,analisaRecintos
FNF:2
FNH:2
FNDA:5,RecintosZoo
FNDA:5,analisaRecintos
DA:1,1
DA:2,1
DA:3,5
DA:4,5
DA:5,5
DA:6,5
DA:7,5
DA:8,5
DA:9,5
DA:10,5
DA:11,5
DA:12,5
DA:13,5
DA:14,5
DA:15,5
DA:16,5
DA:17,5
DA:18,5
DA:19,5
DA:20,1
DA:21,1
DA:22,5
DA:23,5
DA:24,5
DA:25,3
DA:26,3
DA:27,3
DA:28,3
DA:29,3
DA:30,15
DA:31,15
DA:32,15
DA:33,15
DA:34,15
DA:35,15
DA:36,15
DA:37,15
DA:38,15
DA:39,15
DA:40,15
DA:41,15
DA:42,15
DA:43,15
DA:44,15
DA:45,3
DA:46,2
DA:47,2
DA:48,2
DA:49,2
DA:50,3
DA:51,3
DA:52,3
DA:53,5
DA:54,5
DA:55,1
DA:56,1
DA:57,1
DA:58,1
DA:59,1
DA:60,1
DA:61,1
LF:61
LH:61
BRDA:2,0,0,5
BRDA:21,1,0,5
BRDA:23,2,0,1
BRDA:23,3,0,4
BRDA:24,4,0,3
BRDA:24,5,0,1
BRDA:24,6,0,3
BRDA:53,7,0,1
BRDA:53,8,0,2
BRDA:29,9,0,15
BRDA:31,10,0,10
BRDA:31,11,0,5
BRDA:34,12,0,10
BRDA:40,13,0,9
BRDA:40,14,0,7
BRDA:40,15,0,8
BRDA:44,16,0,7
BRDA:44,17,0,4
BRDA:30,18,0,9
BRDA:34,19,0,6
BRDA:45,20,0,2
BRDA:47,21,0,1
BRDA:47,22,0,0
BRDA:46,23,0,1
BRF:24
BRH:23
end_of_record
